find_library: checking for mysql_query() in -lmysqlclient... -------------------- no

"gcc -o conftest -I/home/yeongsheng/.rbenv/versions/1.9.3-p362/include/ruby-1.9.1/x86_64-linux -I/home/yeongsheng/.rbenv/versions/1.9.3-p362/include/ruby-1.9.1/ruby/backward -I/home/yeongsheng/.rbenv/versions/1.9.3-p362/include/ruby-1.9.1 -I. -I/usr/local/include -I'/home/yeongsheng/.rbenv/versions/1.9.3-p362/include'   -I'/home/yeongsheng/.rbenv/versions/1.9.3-p362/include'   -O3 -ggdb -Wall -Wextra -Wno-unused-parameter -Wno-parentheses -Wno-long-long -Wno-missing-field-initializers -Wpointer-arith -Wwrite-strings -Wdeclaration-after-statement -Wimplicit-function-declaration conftest.c  -L. -L/home/yeongsheng/.rbenv/versions/1.9.3-p362/lib -Wl,-R/home/yeongsheng/.rbenv/versions/1.9.3-p362/lib -L/usr/local/lib -Wl,-R/usr/local/lib -L. -L'/home/yeongsheng/.rbenv/versions/1.9.3-p362/lib'  -rdynamic -Wl,-export-dynamic     -Wl,-R -Wl,/home/yeongsheng/.rbenv/versions/1.9.3-p362/lib -L/home/yeongsheng/.rbenv/versions/1.9.3-p362/lib -lruby-static  -lpthread -lrt -ldl -lcrypt -lm   -lc"
checked program was:
/* begin */
1: #include "ruby.h"
2: 
3: int main() {return 0;}
/* end */

"gcc -o conftest -I/home/yeongsheng/.rbenv/versions/1.9.3-p362/include/ruby-1.9.1/x86_64-linux -I/home/yeongsheng/.rbenv/versions/1.9.3-p362/include/ruby-1.9.1/ruby/backward -I/home/yeongsheng/.rbenv/versions/1.9.3-p362/include/ruby-1.9.1 -I. -I/usr/local/include -I'/home/yeongsheng/.rbenv/versions/1.9.3-p362/include'   -I'/home/yeongsheng/.rbenv/versions/1.9.3-p362/include'   -O3 -ggdb -Wall -Wextra -Wno-unused-parameter -Wno-parentheses -Wno-long-long -Wno-missing-field-initializers -Wpointer-arith -Wwrite-strings -Wdeclaration-after-statement -Wimplicit-function-declaration conftest.c  -L. -L/home/yeongsheng/.rbenv/versions/1.9.3-p362/lib -Wl,-R/home/yeongsheng/.rbenv/versions/1.9.3-p362/lib -L/usr/local/lib -Wl,-R/usr/local/lib -L. -L'/home/yeongsheng/.rbenv/versions/1.9.3-p362/lib'  -rdynamic -Wl,-export-dynamic     -Wl,-R -Wl,/home/yeongsheng/.rbenv/versions/1.9.3-p362/lib -L/home/yeongsheng/.rbenv/versions/1.9.3-p362/lib -lruby-static -lmysqlclient  -lpthread -lrt -ldl -lcrypt -lm   -lc"
conftest.c: In function ‘t’:
conftest.c:5:53: error: ‘mysql_query’ undeclared (first use in this function)
conftest.c:5:53: note: each undeclared identifier is reported only once for each function it appears in
conftest.c:5:28: warning: variable ‘p’ set but not used [-Wunused-but-set-variable]
checked program was:
/* begin */
1: #include "ruby.h"
2: 
3: /*top*/
4: int main() {return 0;}
5: int t() { void ((*volatile p)()); p = (void ((*)()))mysql_query; return 0; }
/* end */

"gcc -o conftest -I/home/yeongsheng/.rbenv/versions/1.9.3-p362/include/ruby-1.9.1/x86_64-linux -I/home/yeongsheng/.rbenv/versions/1.9.3-p362/include/ruby-1.9.1/ruby/backward -I/home/yeongsheng/.rbenv/versions/1.9.3-p362/include/ruby-1.9.1 -I. -I/usr/local/include -I'/home/yeongsheng/.rbenv/versions/1.9.3-p362/include'   -I'/home/yeongsheng/.rbenv/versions/1.9.3-p362/include'   -O3 -ggdb -Wall -Wextra -Wno-unused-parameter -Wno-parentheses -Wno-long-long -Wno-missing-field-initializers -Wpointer-arith -Wwrite-strings -Wdeclaration-after-statement -Wimplicit-function-declaration conftest.c  -L. -L/home/yeongsheng/.rbenv/versions/1.9.3-p362/lib -Wl,-R/home/yeongsheng/.rbenv/versions/1.9.3-p362/lib -L/usr/local/lib -Wl,-R/usr/local/lib -L. -L'/home/yeongsheng/.rbenv/versions/1.9.3-p362/lib'  -rdynamic -Wl,-export-dynamic     -Wl,-R -Wl,/home/yeongsheng/.rbenv/versions/1.9.3-p362/lib -L/home/yeongsheng/.rbenv/versions/1.9.3-p362/lib -lruby-static -lmysqlclient  -lpthread -lrt -ldl -lcrypt -lm   -lc"
conftest.c: In function ‘t’:
conftest.c:5:1: warning: implicit declaration of function ‘mysql_query’ [-Wimplicit-function-declaration]
/usr/bin/ld: cannot find -lmysqlclient
collect2: error: ld returned 1 exit status
checked program was:
/* begin */
1: #include "ruby.h"
2: 
3: /*top*/
4: int main() {return 0;}
5: int t() { mysql_query(); return 0; }
/* end */

"gcc -o conftest -I/home/yeongsheng/.rbenv/versions/1.9.3-p362/include/ruby-1.9.1/x86_64-linux -I/home/yeongsheng/.rbenv/versions/1.9.3-p362/include/ruby-1.9.1/ruby/backward -I/home/yeongsheng/.rbenv/versions/1.9.3-p362/include/ruby-1.9.1 -I. -I/usr/local/include -I'/home/yeongsheng/.rbenv/versions/1.9.3-p362/include'   -I'/home/yeongsheng/.rbenv/versions/1.9.3-p362/include'   -O3 -ggdb -Wall -Wextra -Wno-unused-parameter -Wno-parentheses -Wno-long-long -Wno-missing-field-initializers -Wpointer-arith -Wwrite-strings -Wdeclaration-after-statement -Wimplicit-function-declaration conftest.c  -L. -L/home/yeongsheng/.rbenv/versions/1.9.3-p362/lib -Wl,-R/home/yeongsheng/.rbenv/versions/1.9.3-p362/lib -L/usr/local/lib -Wl,-R/usr/local/lib -L. -L'/home/yeongsheng/.rbenv/versions/1.9.3-p362/lib'  -rdynamic -Wl,-export-dynamic     -Wl,-R -Wl,/home/yeongsheng/.rbenv/versions/1.9.3-p362/lib -L/home/yeongsheng/.rbenv/versions/1.9.3-p362/lib -lruby-static -lmysqlclient  -lpthread -lrt -ldl -lcrypt -lm   -lc"
conftest.c: In function ‘t’:
conftest.c:5:53: error: ‘mysql_query’ undeclared (first use in this function)
conftest.c:5:53: note: each undeclared identifier is reported only once for each function it appears in
conftest.c:5:28: warning: variable ‘p’ set but not used [-Wunused-but-set-variable]
checked program was:
/* begin */
1: #include "ruby.h"
2: 
3: /*top*/
4: int main() {return 0;}
5: int t() { void ((*volatile p)()); p = (void ((*)()))mysql_query; return 0; }
/* end */

"gcc -o conftest -I/home/yeongsheng/.rbenv/versions/1.9.3-p362/include/ruby-1.9.1/x86_64-linux -I/home/yeongsheng/.rbenv/versions/1.9.3-p362/include/ruby-1.9.1/ruby/backward -I/home/yeongsheng/.rbenv/versions/1.9.3-p362/include/ruby-1.9.1 -I. -I/usr/local/include -I'/home/yeongsheng/.rbenv/versions/1.9.3-p362/include'   -I'/home/yeongsheng/.rbenv/versions/1.9.3-p362/include'   -O3 -ggdb -Wall -Wextra -Wno-unused-parameter -Wno-parentheses -Wno-long-long -Wno-missing-field-initializers -Wpointer-arith -Wwrite-strings -Wdeclaration-after-statement -Wimplicit-function-declaration conftest.c  -L. -L/home/yeongsheng/.rbenv/versions/1.9.3-p362/lib -Wl,-R/home/yeongsheng/.rbenv/versions/1.9.3-p362/lib -L/usr/local/lib -Wl,-R/usr/local/lib -L. -L'/home/yeongsheng/.rbenv/versions/1.9.3-p362/lib'  -rdynamic -Wl,-export-dynamic     -Wl,-R -Wl,/home/yeongsheng/.rbenv/versions/1.9.3-p362/lib -L/home/yeongsheng/.rbenv/versions/1.9.3-p362/lib -lruby-static -lmysqlclient  -lpthread -lrt -ldl -lcrypt -lm   -lc"
conftest.c: In function ‘t’:
conftest.c:5:1: warning: implicit declaration of function ‘mysql_query’ [-Wimplicit-function-declaration]
/usr/bin/ld: cannot find -lmysqlclient
collect2: error: ld returned 1 exit status
checked program was:
/* begin */
1: #include "ruby.h"
2: 
3: /*top*/
4: int main() {return 0;}
5: int t() { mysql_query(); return 0; }
/* end */

"gcc -o conftest -I/home/yeongsheng/.rbenv/versions/1.9.3-p362/include/ruby-1.9.1/x86_64-linux -I/home/yeongsheng/.rbenv/versions/1.9.3-p362/include/ruby-1.9.1/ruby/backward -I/home/yeongsheng/.rbenv/versions/1.9.3-p362/include/ruby-1.9.1 -I. -I/usr/local/include -I'/home/yeongsheng/.rbenv/versions/1.9.3-p362/include'   -I'/home/yeongsheng/.rbenv/versions/1.9.3-p362/include'   -O3 -ggdb -Wall -Wextra -Wno-unused-parameter -Wno-parentheses -Wno-long-long -Wno-missing-field-initializers -Wpointer-arith -Wwrite-strings -Wdeclaration-after-statement -Wimplicit-function-declaration conftest.c  -L. -L/home/yeongsheng/.rbenv/versions/1.9.3-p362/lib -Wl,-R/home/yeongsheng/.rbenv/versions/1.9.3-p362/lib -L/usr/local/lib -Wl,-R/usr/local/lib -L/usr/local/lib/mysql -Wl,-R/usr/local/lib/mysql -L. -L'/home/yeongsheng/.rbenv/versions/1.9.3-p362/lib'  -rdynamic -Wl,-export-dynamic     -Wl,-R -Wl,/home/yeongsheng/.rbenv/versions/1.9.3-p362/lib -L/home/yeongsheng/.rbenv/versions/1.9.3-p362/lib -lruby-static -lmysqlclient  -lpthread -lrt -ldl -lcrypt -lm   -lc"
conftest.c: In function ‘t’:
conftest.c:5:53: error: ‘mysql_query’ undeclared (first use in this function)
conftest.c:5:53: note: each undeclared identifier is reported only once for each function it appears in
conftest.c:5:28: warning: variable ‘p’ set but not used [-Wunused-but-set-variable]
checked program was:
/* begin */
1: #include "ruby.h"
2: 
3: /*top*/
4: int main() {return 0;}
5: int t() { void ((*volatile p)()); p = (void ((*)()))mysql_query; return 0; }
/* end */

"gcc -o conftest -I/home/yeongsheng/.rbenv/versions/1.9.3-p362/include/ruby-1.9.1/x86_64-linux -I/home/yeongsheng/.rbenv/versions/1.9.3-p362/include/ruby-1.9.1/ruby/backward -I/home/yeongsheng/.rbenv/versions/1.9.3-p362/include/ruby-1.9.1 -I. -I/usr/local/include -I'/home/yeongsheng/.rbenv/versions/1.9.3-p362/include'   -I'/home/yeongsheng/.rbenv/versions/1.9.3-p362/include'   -O3 -ggdb -Wall -Wextra -Wno-unused-parameter -Wno-parentheses -Wno-long-long -Wno-missing-field-initializers -Wpointer-arith -Wwrite-strings -Wdeclaration-after-statement -Wimplicit-function-declaration conftest.c  -L. -L/home/yeongsheng/.rbenv/versions/1.9.3-p362/lib -Wl,-R/home/yeongsheng/.rbenv/versions/1.9.3-p362/lib -L/usr/local/lib -Wl,-R/usr/local/lib -L/usr/local/lib/mysql -Wl,-R/usr/local/lib/mysql -L. -L'/home/yeongsheng/.rbenv/versions/1.9.3-p362/lib'  -rdynamic -Wl,-export-dynamic     -Wl,-R -Wl,/home/yeongsheng/.rbenv/versions/1.9.3-p362/lib -L/home/yeongsheng/.rbenv/versions/1.9.3-p362/lib -lruby-static -lmysqlclient  -lpthread -lrt -ldl -lcrypt -lm   -lc"
conftest.c: In function ‘t’:
conftest.c:5:1: warning: implicit declaration of function ‘mysql_query’ [-Wimplicit-function-declaration]
/usr/bin/ld: cannot find -lmysqlclient
collect2: error: ld returned 1 exit status
checked program was:
/* begin */
1: #include "ruby.h"
2: 
3: /*top*/
4: int main() {return 0;}
5: int t() { mysql_query(); return 0; }
/* end */

--------------------

have_library: checking for main() in -lm... -------------------- yes

"gcc -o conftest -I/home/yeongsheng/.rbenv/versions/1.9.3-p362/include/ruby-1.9.1/x86_64-linux -I/home/yeongsheng/.rbenv/versions/1.9.3-p362/include/ruby-1.9.1/ruby/backward -I/home/yeongsheng/.rbenv/versions/1.9.3-p362/include/ruby-1.9.1 -I. -I/usr/local/include -I'/home/yeongsheng/.rbenv/versions/1.9.3-p362/include'   -I'/home/yeongsheng/.rbenv/versions/1.9.3-p362/include'   -O3 -ggdb -Wall -Wextra -Wno-unused-parameter -Wno-parentheses -Wno-long-long -Wno-missing-field-initializers -Wpointer-arith -Wwrite-strings -Wdeclaration-after-statement -Wimplicit-function-declaration conftest.c  -L. -L/home/yeongsheng/.rbenv/versions/1.9.3-p362/lib -Wl,-R/home/yeongsheng/.rbenv/versions/1.9.3-p362/lib -L/usr/local/lib -Wl,-R/usr/local/lib -L. -L'/home/yeongsheng/.rbenv/versions/1.9.3-p362/lib'  -rdynamic -Wl,-export-dynamic     -Wl,-R -Wl,/home/yeongsheng/.rbenv/versions/1.9.3-p362/lib -L/home/yeongsheng/.rbenv/versions/1.9.3-p362/lib -lruby-static -lm  -lpthread -lrt -ldl -lcrypt -lm   -lc"
conftest.c: In function ‘t’:
conftest.c:5:28: warning: variable ‘p’ set but not used [-Wunused-but-set-variable]
checked program was:
/* begin */
1: #include "ruby.h"
2: 
3: /*top*/
4: int main() {return 0;}
5: int t() { void ((*volatile p)()); p = (void ((*)()))main; return 0; }
/* end */

--------------------

find_library: checking for mysql_query() in -lmysqlclient... -------------------- no

"gcc -o conftest -I/home/yeongsheng/.rbenv/versions/1.9.3-p362/include/ruby-1.9.1/x86_64-linux -I/home/yeongsheng/.rbenv/versions/1.9.3-p362/include/ruby-1.9.1/ruby/backward -I/home/yeongsheng/.rbenv/versions/1.9.3-p362/include/ruby-1.9.1 -I. -I/usr/local/include -I'/home/yeongsheng/.rbenv/versions/1.9.3-p362/include'   -I'/home/yeongsheng/.rbenv/versions/1.9.3-p362/include'   -O3 -ggdb -Wall -Wextra -Wno-unused-parameter -Wno-parentheses -Wno-long-long -Wno-missing-field-initializers -Wpointer-arith -Wwrite-strings -Wdeclaration-after-statement -Wimplicit-function-declaration conftest.c  -L. -L/home/yeongsheng/.rbenv/versions/1.9.3-p362/lib -Wl,-R/home/yeongsheng/.rbenv/versions/1.9.3-p362/lib -L/usr/local/lib -Wl,-R/usr/local/lib -L. -L'/home/yeongsheng/.rbenv/versions/1.9.3-p362/lib'  -rdynamic -Wl,-export-dynamic    -lm  -Wl,-R -Wl,/home/yeongsheng/.rbenv/versions/1.9.3-p362/lib -L/home/yeongsheng/.rbenv/versions/1.9.3-p362/lib -lruby-static -lmysqlclient -lm  -lpthread -lrt -ldl -lcrypt -lm   -lc"
conftest.c: In function ‘t’:
conftest.c:5:53: error: ‘mysql_query’ undeclared (first use in this function)
conftest.c:5:53: note: each undeclared identifier is reported only once for each function it appears in
conftest.c:5:28: warning: variable ‘p’ set but not used [-Wunused-but-set-variable]
checked program was:
/* begin */
1: #include "ruby.h"
2: 
3: /*top*/
4: int main() {return 0;}
5: int t() { void ((*volatile p)()); p = (void ((*)()))mysql_query; return 0; }
/* end */

"gcc -o conftest -I/home/yeongsheng/.rbenv/versions/1.9.3-p362/include/ruby-1.9.1/x86_64-linux -I/home/yeongsheng/.rbenv/versions/1.9.3-p362/include/ruby-1.9.1/ruby/backward -I/home/yeongsheng/.rbenv/versions/1.9.3-p362/include/ruby-1.9.1 -I. -I/usr/local/include -I'/home/yeongsheng/.rbenv/versions/1.9.3-p362/include'   -I'/home/yeongsheng/.rbenv/versions/1.9.3-p362/include'   -O3 -ggdb -Wall -Wextra -Wno-unused-parameter -Wno-parentheses -Wno-long-long -Wno-missing-field-initializers -Wpointer-arith -Wwrite-strings -Wdeclaration-after-statement -Wimplicit-function-declaration conftest.c  -L. -L/home/yeongsheng/.rbenv/versions/1.9.3-p362/lib -Wl,-R/home/yeongsheng/.rbenv/versions/1.9.3-p362/lib -L/usr/local/lib -Wl,-R/usr/local/lib -L. -L'/home/yeongsheng/.rbenv/versions/1.9.3-p362/lib'  -rdynamic -Wl,-export-dynamic    -lm  -Wl,-R -Wl,/home/yeongsheng/.rbenv/versions/1.9.3-p362/lib -L/home/yeongsheng/.rbenv/versions/1.9.3-p362/lib -lruby-static -lmysqlclient -lm  -lpthread -lrt -ldl -lcrypt -lm   -lc"
conftest.c: In function ‘t’:
conftest.c:5:1: warning: implicit declaration of function ‘mysql_query’ [-Wimplicit-function-declaration]
/usr/bin/ld: cannot find -lmysqlclient
collect2: error: ld returned 1 exit status
checked program was:
/* begin */
1: #include "ruby.h"
2: 
3: /*top*/
4: int main() {return 0;}
5: int t() { mysql_query(); return 0; }
/* end */

"gcc -o conftest -I/home/yeongsheng/.rbenv/versions/1.9.3-p362/include/ruby-1.9.1/x86_64-linux -I/home/yeongsheng/.rbenv/versions/1.9.3-p362/include/ruby-1.9.1/ruby/backward -I/home/yeongsheng/.rbenv/versions/1.9.3-p362/include/ruby-1.9.1 -I. -I/usr/local/include -I'/home/yeongsheng/.rbenv/versions/1.9.3-p362/include'   -I'/home/yeongsheng/.rbenv/versions/1.9.3-p362/include'   -O3 -ggdb -Wall -Wextra -Wno-unused-parameter -Wno-parentheses -Wno-long-long -Wno-missing-field-initializers -Wpointer-arith -Wwrite-strings -Wdeclaration-after-statement -Wimplicit-function-declaration conftest.c  -L. -L/home/yeongsheng/.rbenv/versions/1.9.3-p362/lib -Wl,-R/home/yeongsheng/.rbenv/versions/1.9.3-p362/lib -L/usr/local/lib -Wl,-R/usr/local/lib -L. -L'/home/yeongsheng/.rbenv/versions/1.9.3-p362/lib'  -rdynamic -Wl,-export-dynamic    -lm  -Wl,-R -Wl,/home/yeongsheng/.rbenv/versions/1.9.3-p362/lib -L/home/yeongsheng/.rbenv/versions/1.9.3-p362/lib -lruby-static -lmysqlclient -lm  -lpthread -lrt -ldl -lcrypt -lm   -lc"
conftest.c: In function ‘t’:
conftest.c:5:53: error: ‘mysql_query’ undeclared (first use in this function)
conftest.c:5:53: note: each undeclared identifier is reported only once for each function it appears in
conftest.c:5:28: warning: variable ‘p’ set but not used [-Wunused-but-set-variable]
checked program was:
/* begin */
1: #include "ruby.h"
2: 
3: /*top*/
4: int main() {return 0;}
5: int t() { void ((*volatile p)()); p = (void ((*)()))mysql_query; return 0; }
/* end */

"gcc -o conftest -I/home/yeongsheng/.rbenv/versions/1.9.3-p362/include/ruby-1.9.1/x86_64-linux -I/home/yeongsheng/.rbenv/versions/1.9.3-p362/include/ruby-1.9.1/ruby/backward -I/home/yeongsheng/.rbenv/versions/1.9.3-p362/include/ruby-1.9.1 -I. -I/usr/local/include -I'/home/yeongsheng/.rbenv/versions/1.9.3-p362/include'   -I'/home/yeongsheng/.rbenv/versions/1.9.3-p362/include'   -O3 -ggdb -Wall -Wextra -Wno-unused-parameter -Wno-parentheses -Wno-long-long -Wno-missing-field-initializers -Wpointer-arith -Wwrite-strings -Wdeclaration-after-statement -Wimplicit-function-declaration conftest.c  -L. -L/home/yeongsheng/.rbenv/versions/1.9.3-p362/lib -Wl,-R/home/yeongsheng/.rbenv/versions/1.9.3-p362/lib -L/usr/local/lib -Wl,-R/usr/local/lib -L. -L'/home/yeongsheng/.rbenv/versions/1.9.3-p362/lib'  -rdynamic -Wl,-export-dynamic    -lm  -Wl,-R -Wl,/home/yeongsheng/.rbenv/versions/1.9.3-p362/lib -L/home/yeongsheng/.rbenv/versions/1.9.3-p362/lib -lruby-static -lmysqlclient -lm  -lpthread -lrt -ldl -lcrypt -lm   -lc"
conftest.c: In function ‘t’:
conftest.c:5:1: warning: implicit declaration of function ‘mysql_query’ [-Wimplicit-function-declaration]
/usr/bin/ld: cannot find -lmysqlclient
collect2: error: ld returned 1 exit status
checked program was:
/* begin */
1: #include "ruby.h"
2: 
3: /*top*/
4: int main() {return 0;}
5: int t() { mysql_query(); return 0; }
/* end */

"gcc -o conftest -I/home/yeongsheng/.rbenv/versions/1.9.3-p362/include/ruby-1.9.1/x86_64-linux -I/home/yeongsheng/.rbenv/versions/1.9.3-p362/include/ruby-1.9.1/ruby/backward -I/home/yeongsheng/.rbenv/versions/1.9.3-p362/include/ruby-1.9.1 -I. -I/usr/local/include -I'/home/yeongsheng/.rbenv/versions/1.9.3-p362/include'   -I'/home/yeongsheng/.rbenv/versions/1.9.3-p362/include'   -O3 -ggdb -Wall -Wextra -Wno-unused-parameter -Wno-parentheses -Wno-long-long -Wno-missing-field-initializers -Wpointer-arith -Wwrite-strings -Wdeclaration-after-statement -Wimplicit-function-declaration conftest.c  -L. -L/home/yeongsheng/.rbenv/versions/1.9.3-p362/lib -Wl,-R/home/yeongsheng/.rbenv/versions/1.9.3-p362/lib -L/usr/local/lib -Wl,-R/usr/local/lib -L/usr/local/lib/mysql -Wl,-R/usr/local/lib/mysql -L. -L'/home/yeongsheng/.rbenv/versions/1.9.3-p362/lib'  -rdynamic -Wl,-export-dynamic    -lm  -Wl,-R -Wl,/home/yeongsheng/.rbenv/versions/1.9.3-p362/lib -L/home/yeongsheng/.rbenv/versions/1.9.3-p362/lib -lruby-static -lmysqlclient -lm  -lpthread -lrt -ldl -lcrypt -lm   -lc"
conftest.c: In function ‘t’:
conftest.c:5:53: error: ‘mysql_query’ undeclared (first use in this function)
conftest.c:5:53: note: each undeclared identifier is reported only once for each function it appears in
conftest.c:5:28: warning: variable ‘p’ set but not used [-Wunused-but-set-variable]
checked program was:
/* begin */
1: #include "ruby.h"
2: 
3: /*top*/
4: int main() {return 0;}
5: int t() { void ((*volatile p)()); p = (void ((*)()))mysql_query; return 0; }
/* end */

"gcc -o conftest -I/home/yeongsheng/.rbenv/versions/1.9.3-p362/include/ruby-1.9.1/x86_64-linux -I/home/yeongsheng/.rbenv/versions/1.9.3-p362/include/ruby-1.9.1/ruby/backward -I/home/yeongsheng/.rbenv/versions/1.9.3-p362/include/ruby-1.9.1 -I. -I/usr/local/include -I'/home/yeongsheng/.rbenv/versions/1.9.3-p362/include'   -I'/home/yeongsheng/.rbenv/versions/1.9.3-p362/include'   -O3 -ggdb -Wall -Wextra -Wno-unused-parameter -Wno-parentheses -Wno-long-long -Wno-missing-field-initializers -Wpointer-arith -Wwrite-strings -Wdeclaration-after-statement -Wimplicit-function-declaration conftest.c  -L. -L/home/yeongsheng/.rbenv/versions/1.9.3-p362/lib -Wl,-R/home/yeongsheng/.rbenv/versions/1.9.3-p362/lib -L/usr/local/lib -Wl,-R/usr/local/lib -L/usr/local/lib/mysql -Wl,-R/usr/local/lib/mysql -L. -L'/home/yeongsheng/.rbenv/versions/1.9.3-p362/lib'  -rdynamic -Wl,-export-dynamic    -lm  -Wl,-R -Wl,/home/yeongsheng/.rbenv/versions/1.9.3-p362/lib -L/home/yeongsheng/.rbenv/versions/1.9.3-p362/lib -lruby-static -lmysqlclient -lm  -lpthread -lrt -ldl -lcrypt -lm   -lc"
conftest.c: In function ‘t’:
conftest.c:5:1: warning: implicit declaration of function ‘mysql_query’ [-Wimplicit-function-declaration]
/usr/bin/ld: cannot find -lmysqlclient
collect2: error: ld returned 1 exit status
checked program was:
/* begin */
1: #include "ruby.h"
2: 
3: /*top*/
4: int main() {return 0;}
5: int t() { mysql_query(); return 0; }
/* end */

--------------------

have_library: checking for main() in -lz... -------------------- yes

"gcc -o conftest -I/home/yeongsheng/.rbenv/versions/1.9.3-p362/include/ruby-1.9.1/x86_64-linux -I/home/yeongsheng/.rbenv/versions/1.9.3-p362/include/ruby-1.9.1/ruby/backward -I/home/yeongsheng/.rbenv/versions/1.9.3-p362/include/ruby-1.9.1 -I. -I/usr/local/include -I'/home/yeongsheng/.rbenv/versions/1.9.3-p362/include'   -I'/home/yeongsheng/.rbenv/versions/1.9.3-p362/include'   -O3 -ggdb -Wall -Wextra -Wno-unused-parameter -Wno-parentheses -Wno-long-long -Wno-missing-field-initializers -Wpointer-arith -Wwrite-strings -Wdeclaration-after-statement -Wimplicit-function-declaration conftest.c  -L. -L/home/yeongsheng/.rbenv/versions/1.9.3-p362/lib -Wl,-R/home/yeongsheng/.rbenv/versions/1.9.3-p362/lib -L/usr/local/lib -Wl,-R/usr/local/lib -L. -L'/home/yeongsheng/.rbenv/versions/1.9.3-p362/lib'  -rdynamic -Wl,-export-dynamic    -lm  -Wl,-R -Wl,/home/yeongsheng/.rbenv/versions/1.9.3-p362/lib -L/home/yeongsheng/.rbenv/versions/1.9.3-p362/lib -lruby-static -lz -lm  -lpthread -lrt -ldl -lcrypt -lm   -lc"
conftest.c: In function ‘t’:
conftest.c:5:28: warning: variable ‘p’ set but not used [-Wunused-but-set-variable]
checked program was:
/* begin */
1: #include "ruby.h"
2: 
3: /*top*/
4: int main() {return 0;}
5: int t() { void ((*volatile p)()); p = (void ((*)()))main; return 0; }
/* end */

--------------------

find_library: checking for mysql_query() in -lmysqlclient... -------------------- no

"gcc -o conftest -I/home/yeongsheng/.rbenv/versions/1.9.3-p362/include/ruby-1.9.1/x86_64-linux -I/home/yeongsheng/.rbenv/versions/1.9.3-p362/include/ruby-1.9.1/ruby/backward -I/home/yeongsheng/.rbenv/versions/1.9.3-p362/include/ruby-1.9.1 -I. -I/usr/local/include -I'/home/yeongsheng/.rbenv/versions/1.9.3-p362/include'   -I'/home/yeongsheng/.rbenv/versions/1.9.3-p362/include'   -O3 -ggdb -Wall -Wextra -Wno-unused-parameter -Wno-parentheses -Wno-long-long -Wno-missing-field-initializers -Wpointer-arith -Wwrite-strings -Wdeclaration-after-statement -Wimplicit-function-declaration conftest.c  -L. -L/home/yeongsheng/.rbenv/versions/1.9.3-p362/lib -Wl,-R/home/yeongsheng/.rbenv/versions/1.9.3-p362/lib -L/usr/local/lib -Wl,-R/usr/local/lib -L. -L'/home/yeongsheng/.rbenv/versions/1.9.3-p362/lib'  -rdynamic -Wl,-export-dynamic    -lz -lm  -Wl,-R -Wl,/home/yeongsheng/.rbenv/versions/1.9.3-p362/lib -L/home/yeongsheng/.rbenv/versions/1.9.3-p362/lib -lruby-static -lmysqlclient -lz -lm  -lpthread -lrt -ldl -lcrypt -lm   -lc"
conftest.c: In function ‘t’:
conftest.c:5:53: error: ‘mysql_query’ undeclared (first use in this function)
conftest.c:5:53: note: each undeclared identifier is reported only once for each function it appears in
conftest.c:5:28: warning: variable ‘p’ set but not used [-Wunused-but-set-variable]
checked program was:
/* begin */
1: #include "ruby.h"
2: 
3: /*top*/
4: int main() {return 0;}
5: int t() { void ((*volatile p)()); p = (void ((*)()))mysql_query; return 0; }
/* end */

"gcc -o conftest -I/home/yeongsheng/.rbenv/versions/1.9.3-p362/include/ruby-1.9.1/x86_64-linux -I/home/yeongsheng/.rbenv/versions/1.9.3-p362/include/ruby-1.9.1/ruby/backward -I/home/yeongsheng/.rbenv/versions/1.9.3-p362/include/ruby-1.9.1 -I. -I/usr/local/include -I'/home/yeongsheng/.rbenv/versions/1.9.3-p362/include'   -I'/home/yeongsheng/.rbenv/versions/1.9.3-p362/include'   -O3 -ggdb -Wall -Wextra -Wno-unused-parameter -Wno-parentheses -Wno-long-long -Wno-missing-field-initializers -Wpointer-arith -Wwrite-strings -Wdeclaration-after-statement -Wimplicit-function-declaration conftest.c  -L. -L/home/yeongsheng/.rbenv/versions/1.9.3-p362/lib -Wl,-R/home/yeongsheng/.rbenv/versions/1.9.3-p362/lib -L/usr/local/lib -Wl,-R/usr/local/lib -L. -L'/home/yeongsheng/.rbenv/versions/1.9.3-p362/lib'  -rdynamic -Wl,-export-dynamic    -lz -lm  -Wl,-R -Wl,/home/yeongsheng/.rbenv/versions/1.9.3-p362/lib -L/home/yeongsheng/.rbenv/versions/1.9.3-p362/lib -lruby-static -lmysqlclient -lz -lm  -lpthread -lrt -ldl -lcrypt -lm   -lc"
conftest.c: In function ‘t’:
conftest.c:5:1: warning: implicit declaration of function ‘mysql_query’ [-Wimplicit-function-declaration]
/usr/bin/ld: cannot find -lmysqlclient
collect2: error: ld returned 1 exit status
checked program was:
/* begin */
1: #include "ruby.h"
2: 
3: /*top*/
4: int main() {return 0;}
5: int t() { mysql_query(); return 0; }
/* end */

"gcc -o conftest -I/home/yeongsheng/.rbenv/versions/1.9.3-p362/include/ruby-1.9.1/x86_64-linux -I/home/yeongsheng/.rbenv/versions/1.9.3-p362/include/ruby-1.9.1/ruby/backward -I/home/yeongsheng/.rbenv/versions/1.9.3-p362/include/ruby-1.9.1 -I. -I/usr/local/include -I'/home/yeongsheng/.rbenv/versions/1.9.3-p362/include'   -I'/home/yeongsheng/.rbenv/versions/1.9.3-p362/include'   -O3 -ggdb -Wall -Wextra -Wno-unused-parameter -Wno-parentheses -Wno-long-long -Wno-missing-field-initializers -Wpointer-arith -Wwrite-strings -Wdeclaration-after-statement -Wimplicit-function-declaration conftest.c  -L. -L/home/yeongsheng/.rbenv/versions/1.9.3-p362/lib -Wl,-R/home/yeongsheng/.rbenv/versions/1.9.3-p362/lib -L/usr/local/lib -Wl,-R/usr/local/lib -L. -L'/home/yeongsheng/.rbenv/versions/1.9.3-p362/lib'  -rdynamic -Wl,-export-dynamic    -lz -lm  -Wl,-R -Wl,/home/yeongsheng/.rbenv/versions/1.9.3-p362/lib -L/home/yeongsheng/.rbenv/versions/1.9.3-p362/lib -lruby-static -lmysqlclient -lz -lm  -lpthread -lrt -ldl -lcrypt -lm   -lc"
conftest.c: In function ‘t’:
conftest.c:5:53: error: ‘mysql_query’ undeclared (first use in this function)
conftest.c:5:53: note: each undeclared identifier is reported only once for each function it appears in
conftest.c:5:28: warning: variable ‘p’ set but not used [-Wunused-but-set-variable]
checked program was:
/* begin */
1: #include "ruby.h"
2: 
3: /*top*/
4: int main() {return 0;}
5: int t() { void ((*volatile p)()); p = (void ((*)()))mysql_query; return 0; }
/* end */

"gcc -o conftest -I/home/yeongsheng/.rbenv/versions/1.9.3-p362/include/ruby-1.9.1/x86_64-linux -I/home/yeongsheng/.rbenv/versions/1.9.3-p362/include/ruby-1.9.1/ruby/backward -I/home/yeongsheng/.rbenv/versions/1.9.3-p362/include/ruby-1.9.1 -I. -I/usr/local/include -I'/home/yeongsheng/.rbenv/versions/1.9.3-p362/include'   -I'/home/yeongsheng/.rbenv/versions/1.9.3-p362/include'   -O3 -ggdb -Wall -Wextra -Wno-unused-parameter -Wno-parentheses -Wno-long-long -Wno-missing-field-initializers -Wpointer-arith -Wwrite-strings -Wdeclaration-after-statement -Wimplicit-function-declaration conftest.c  -L. -L/home/yeongsheng/.rbenv/versions/1.9.3-p362/lib -Wl,-R/home/yeongsheng/.rbenv/versions/1.9.3-p362/lib -L/usr/local/lib -Wl,-R/usr/local/lib -L. -L'/home/yeongsheng/.rbenv/versions/1.9.3-p362/lib'  -rdynamic -Wl,-export-dynamic    -lz -lm  -Wl,-R -Wl,/home/yeongsheng/.rbenv/versions/1.9.3-p362/lib -L/home/yeongsheng/.rbenv/versions/1.9.3-p362/lib -lruby-static -lmysqlclient -lz -lm  -lpthread -lrt -ldl -lcrypt -lm   -lc"
conftest.c: In function ‘t’:
conftest.c:5:1: warning: implicit declaration of function ‘mysql_query’ [-Wimplicit-function-declaration]
/usr/bin/ld: cannot find -lmysqlclient
collect2: error: ld returned 1 exit status
checked program was:
/* begin */
1: #include "ruby.h"
2: 
3: /*top*/
4: int main() {return 0;}
5: int t() { mysql_query(); return 0; }
/* end */

"gcc -o conftest -I/home/yeongsheng/.rbenv/versions/1.9.3-p362/include/ruby-1.9.1/x86_64-linux -I/home/yeongsheng/.rbenv/versions/1.9.3-p362/include/ruby-1.9.1/ruby/backward -I/home/yeongsheng/.rbenv/versions/1.9.3-p362/include/ruby-1.9.1 -I. -I/usr/local/include -I'/home/yeongsheng/.rbenv/versions/1.9.3-p362/include'   -I'/home/yeongsheng/.rbenv/versions/1.9.3-p362/include'   -O3 -ggdb -Wall -Wextra -Wno-unused-parameter -Wno-parentheses -Wno-long-long -Wno-missing-field-initializers -Wpointer-arith -Wwrite-strings -Wdeclaration-after-statement -Wimplicit-function-declaration conftest.c  -L. -L/home/yeongsheng/.rbenv/versions/1.9.3-p362/lib -Wl,-R/home/yeongsheng/.rbenv/versions/1.9.3-p362/lib -L/usr/local/lib -Wl,-R/usr/local/lib -L/usr/local/lib/mysql -Wl,-R/usr/local/lib/mysql -L. -L'/home/yeongsheng/.rbenv/versions/1.9.3-p362/lib'  -rdynamic -Wl,-export-dynamic    -lz -lm  -Wl,-R -Wl,/home/yeongsheng/.rbenv/versions/1.9.3-p362/lib -L/home/yeongsheng/.rbenv/versions/1.9.3-p362/lib -lruby-static -lmysqlclient -lz -lm  -lpthread -lrt -ldl -lcrypt -lm   -lc"
conftest.c: In function ‘t’:
conftest.c:5:53: error: ‘mysql_query’ undeclared (first use in this function)
conftest.c:5:53: note: each undeclared identifier is reported only once for each function it appears in
conftest.c:5:28: warning: variable ‘p’ set but not used [-Wunused-but-set-variable]
checked program was:
/* begin */
1: #include "ruby.h"
2: 
3: /*top*/
4: int main() {return 0;}
5: int t() { void ((*volatile p)()); p = (void ((*)()))mysql_query; return 0; }
/* end */

"gcc -o conftest -I/home/yeongsheng/.rbenv/versions/1.9.3-p362/include/ruby-1.9.1/x86_64-linux -I/home/yeongsheng/.rbenv/versions/1.9.3-p362/include/ruby-1.9.1/ruby/backward -I/home/yeongsheng/.rbenv/versions/1.9.3-p362/include/ruby-1.9.1 -I. -I/usr/local/include -I'/home/yeongsheng/.rbenv/versions/1.9.3-p362/include'   -I'/home/yeongsheng/.rbenv/versions/1.9.3-p362/include'   -O3 -ggdb -Wall -Wextra -Wno-unused-parameter -Wno-parentheses -Wno-long-long -Wno-missing-field-initializers -Wpointer-arith -Wwrite-strings -Wdeclaration-after-statement -Wimplicit-function-declaration conftest.c  -L. -L/home/yeongsheng/.rbenv/versions/1.9.3-p362/lib -Wl,-R/home/yeongsheng/.rbenv/versions/1.9.3-p362/lib -L/usr/local/lib -Wl,-R/usr/local/lib -L/usr/local/lib/mysql -Wl,-R/usr/local/lib/mysql -L. -L'/home/yeongsheng/.rbenv/versions/1.9.3-p362/lib'  -rdynamic -Wl,-export-dynamic    -lz -lm  -Wl,-R -Wl,/home/yeongsheng/.rbenv/versions/1.9.3-p362/lib -L/home/yeongsheng/.rbenv/versions/1.9.3-p362/lib -lruby-static -lmysqlclient -lz -lm  -lpthread -lrt -ldl -lcrypt -lm   -lc"
conftest.c: In function ‘t’:
conftest.c:5:1: warning: implicit declaration of function ‘mysql_query’ [-Wimplicit-function-declaration]
/usr/bin/ld: cannot find -lmysqlclient
collect2: error: ld returned 1 exit status
checked program was:
/* begin */
1: #include "ruby.h"
2: 
3: /*top*/
4: int main() {return 0;}
5: int t() { mysql_query(); return 0; }
/* end */

--------------------

have_library: checking for main() in -lsocket... -------------------- no

"gcc -o conftest -I/home/yeongsheng/.rbenv/versions/1.9.3-p362/include/ruby-1.9.1/x86_64-linux -I/home/yeongsheng/.rbenv/versions/1.9.3-p362/include/ruby-1.9.1/ruby/backward -I/home/yeongsheng/.rbenv/versions/1.9.3-p362/include/ruby-1.9.1 -I. -I/usr/local/include -I'/home/yeongsheng/.rbenv/versions/1.9.3-p362/include'   -I'/home/yeongsheng/.rbenv/versions/1.9.3-p362/include'   -O3 -ggdb -Wall -Wextra -Wno-unused-parameter -Wno-parentheses -Wno-long-long -Wno-missing-field-initializers -Wpointer-arith -Wwrite-strings -Wdeclaration-after-statement -Wimplicit-function-declaration conftest.c  -L. -L/home/yeongsheng/.rbenv/versions/1.9.3-p362/lib -Wl,-R/home/yeongsheng/.rbenv/versions/1.9.3-p362/lib -L/usr/local/lib -Wl,-R/usr/local/lib -L. -L'/home/yeongsheng/.rbenv/versions/1.9.3-p362/lib'  -rdynamic -Wl,-export-dynamic    -lz -lm  -Wl,-R -Wl,/home/yeongsheng/.rbenv/versions/1.9.3-p362/lib -L/home/yeongsheng/.rbenv/versions/1.9.3-p362/lib -lruby-static -lsocket -lz -lm  -lpthread -lrt -ldl -lcrypt -lm   -lc"
conftest.c: In function ‘t’:
conftest.c:5:28: warning: variable ‘p’ set but not used [-Wunused-but-set-variable]
/usr/bin/ld: cannot find -lsocket
collect2: error: ld returned 1 exit status
checked program was:
/* begin */
1: #include "ruby.h"
2: 
3: /*top*/
4: int main() {return 0;}
5: int t() { void ((*volatile p)()); p = (void ((*)()))main; return 0; }
/* end */

"gcc -o conftest -I/home/yeongsheng/.rbenv/versions/1.9.3-p362/include/ruby-1.9.1/x86_64-linux -I/home/yeongsheng/.rbenv/versions/1.9.3-p362/include/ruby-1.9.1/ruby/backward -I/home/yeongsheng/.rbenv/versions/1.9.3-p362/include/ruby-1.9.1 -I. -I/usr/local/include -I'/home/yeongsheng/.rbenv/versions/1.9.3-p362/include'   -I'/home/yeongsheng/.rbenv/versions/1.9.3-p362/include'   -O3 -ggdb -Wall -Wextra -Wno-unused-parameter -Wno-parentheses -Wno-long-long -Wno-missing-field-initializers -Wpointer-arith -Wwrite-strings -Wdeclaration-after-statement -Wimplicit-function-declaration conftest.c  -L. -L/home/yeongsheng/.rbenv/versions/1.9.3-p362/lib -Wl,-R/home/yeongsheng/.rbenv/versions/1.9.3-p362/lib -L/usr/local/lib -Wl,-R/usr/local/lib -L. -L'/home/yeongsheng/.rbenv/versions/1.9.3-p362/lib'  -rdynamic -Wl,-export-dynamic    -lz -lm  -Wl,-R -Wl,/home/yeongsheng/.rbenv/versions/1.9.3-p362/lib -L/home/yeongsheng/.rbenv/versions/1.9.3-p362/lib -lruby-static -lsocket -lz -lm  -lpthread -lrt -ldl -lcrypt -lm   -lc"
/usr/bin/ld: cannot find -lsocket
collect2: error: ld returned 1 exit status
checked program was:
/* begin */
1: #include "ruby.h"
2: 
3: /*top*/
4: int main() {return 0;}
5: int t() { main(); return 0; }
/* end */

--------------------

find_library: checking for mysql_query() in -lmysqlclient... -------------------- no

"gcc -o conftest -I/home/yeongsheng/.rbenv/versions/1.9.3-p362/include/ruby-1.9.1/x86_64-linux -I/home/yeongsheng/.rbenv/versions/1.9.3-p362/include/ruby-1.9.1/ruby/backward -I/home/yeongsheng/.rbenv/versions/1.9.3-p362/include/ruby-1.9.1 -I. -I/usr/local/include -I'/home/yeongsheng/.rbenv/versions/1.9.3-p362/include'   -I'/home/yeongsheng/.rbenv/versions/1.9.3-p362/include'   -O3 -ggdb -Wall -Wextra -Wno-unused-parameter -Wno-parentheses -Wno-long-long -Wno-missing-field-initializers -Wpointer-arith -Wwrite-strings -Wdeclaration-after-statement -Wimplicit-function-declaration conftest.c  -L. -L/home/yeongsheng/.rbenv/versions/1.9.3-p362/lib -Wl,-R/home/yeongsheng/.rbenv/versions/1.9.3-p362/lib -L/usr/local/lib -Wl,-R/usr/local/lib -L. -L'/home/yeongsheng/.rbenv/versions/1.9.3-p362/lib'  -rdynamic -Wl,-export-dynamic    -lz -lm  -Wl,-R -Wl,/home/yeongsheng/.rbenv/versions/1.9.3-p362/lib -L/home/yeongsheng/.rbenv/versions/1.9.3-p362/lib -lruby-static -lmysqlclient -lz -lm  -lpthread -lrt -ldl -lcrypt -lm   -lc"
conftest.c: In function ‘t’:
conftest.c:5:53: error: ‘mysql_query’ undeclared (first use in this function)
conftest.c:5:53: note: each undeclared identifier is reported only once for each function it appears in
conftest.c:5:28: warning: variable ‘p’ set but not used [-Wunused-but-set-variable]
checked program was:
/* begin */
1: #include "ruby.h"
2: 
3: /*top*/
4: int main() {return 0;}
5: int t() { void ((*volatile p)()); p = (void ((*)()))mysql_query; return 0; }
/* end */

"gcc -o conftest -I/home/yeongsheng/.rbenv/versions/1.9.3-p362/include/ruby-1.9.1/x86_64-linux -I/home/yeongsheng/.rbenv/versions/1.9.3-p362/include/ruby-1.9.1/ruby/backward -I/home/yeongsheng/.rbenv/versions/1.9.3-p362/include/ruby-1.9.1 -I. -I/usr/local/include -I'/home/yeongsheng/.rbenv/versions/1.9.3-p362/include'   -I'/home/yeongsheng/.rbenv/versions/1.9.3-p362/include'   -O3 -ggdb -Wall -Wextra -Wno-unused-parameter -Wno-parentheses -Wno-long-long -Wno-missing-field-initializers -Wpointer-arith -Wwrite-strings -Wdeclaration-after-statement -Wimplicit-function-declaration conftest.c  -L. -L/home/yeongsheng/.rbenv/versions/1.9.3-p362/lib -Wl,-R/home/yeongsheng/.rbenv/versions/1.9.3-p362/lib -L/usr/local/lib -Wl,-R/usr/local/lib -L. -L'/home/yeongsheng/.rbenv/versions/1.9.3-p362/lib'  -rdynamic -Wl,-export-dynamic    -lz -lm  -Wl,-R -Wl,/home/yeongsheng/.rbenv/versions/1.9.3-p362/lib -L/home/yeongsheng/.rbenv/versions/1.9.3-p362/lib -lruby-static -lmysqlclient -lz -lm  -lpthread -lrt -ldl -lcrypt -lm   -lc"
conftest.c: In function ‘t’:
conftest.c:5:1: warning: implicit declaration of function ‘mysql_query’ [-Wimplicit-function-declaration]
/usr/bin/ld: cannot find -lmysqlclient
collect2: error: ld returned 1 exit status
checked program was:
/* begin */
1: #include "ruby.h"
2: 
3: /*top*/
4: int main() {return 0;}
5: int t() { mysql_query(); return 0; }
/* end */

"gcc -o conftest -I/home/yeongsheng/.rbenv/versions/1.9.3-p362/include/ruby-1.9.1/x86_64-linux -I/home/yeongsheng/.rbenv/versions/1.9.3-p362/include/ruby-1.9.1/ruby/backward -I/home/yeongsheng/.rbenv/versions/1.9.3-p362/include/ruby-1.9.1 -I. -I/usr/local/include -I'/home/yeongsheng/.rbenv/versions/1.9.3-p362/include'   -I'/home/yeongsheng/.rbenv/versions/1.9.3-p362/include'   -O3 -ggdb -Wall -Wextra -Wno-unused-parameter -Wno-parentheses -Wno-long-long -Wno-missing-field-initializers -Wpointer-arith -Wwrite-strings -Wdeclaration-after-statement -Wimplicit-function-declaration conftest.c  -L. -L/home/yeongsheng/.rbenv/versions/1.9.3-p362/lib -Wl,-R/home/yeongsheng/.rbenv/versions/1.9.3-p362/lib -L/usr/local/lib -Wl,-R/usr/local/lib -L. -L'/home/yeongsheng/.rbenv/versions/1.9.3-p362/lib'  -rdynamic -Wl,-export-dynamic    -lz -lm  -Wl,-R -Wl,/home/yeongsheng/.rbenv/versions/1.9.3-p362/lib -L/home/yeongsheng/.rbenv/versions/1.9.3-p362/lib -lruby-static -lmysqlclient -lz -lm  -lpthread -lrt -ldl -lcrypt -lm   -lc"
conftest.c: In function ‘t’:
conftest.c:5:53: error: ‘mysql_query’ undeclared (first use in this function)
conftest.c:5:53: note: each undeclared identifier is reported only once for each function it appears in
conftest.c:5:28: warning: variable ‘p’ set but not used [-Wunused-but-set-variable]
checked program was:
/* begin */
1: #include "ruby.h"
2: 
3: /*top*/
4: int main() {return 0;}
5: int t() { void ((*volatile p)()); p = (void ((*)()))mysql_query; return 0; }
/* end */

"gcc -o conftest -I/home/yeongsheng/.rbenv/versions/1.9.3-p362/include/ruby-1.9.1/x86_64-linux -I/home/yeongsheng/.rbenv/versions/1.9.3-p362/include/ruby-1.9.1/ruby/backward -I/home/yeongsheng/.rbenv/versions/1.9.3-p362/include/ruby-1.9.1 -I. -I/usr/local/include -I'/home/yeongsheng/.rbenv/versions/1.9.3-p362/include'   -I'/home/yeongsheng/.rbenv/versions/1.9.3-p362/include'   -O3 -ggdb -Wall -Wextra -Wno-unused-parameter -Wno-parentheses -Wno-long-long -Wno-missing-field-initializers -Wpointer-arith -Wwrite-strings -Wdeclaration-after-statement -Wimplicit-function-declaration conftest.c  -L. -L/home/yeongsheng/.rbenv/versions/1.9.3-p362/lib -Wl,-R/home/yeongsheng/.rbenv/versions/1.9.3-p362/lib -L/usr/local/lib -Wl,-R/usr/local/lib -L. -L'/home/yeongsheng/.rbenv/versions/1.9.3-p362/lib'  -rdynamic -Wl,-export-dynamic    -lz -lm  -Wl,-R -Wl,/home/yeongsheng/.rbenv/versions/1.9.3-p362/lib -L/home/yeongsheng/.rbenv/versions/1.9.3-p362/lib -lruby-static -lmysqlclient -lz -lm  -lpthread -lrt -ldl -lcrypt -lm   -lc"
conftest.c: In function ‘t’:
conftest.c:5:1: warning: implicit declaration of function ‘mysql_query’ [-Wimplicit-function-declaration]
/usr/bin/ld: cannot find -lmysqlclient
collect2: error: ld returned 1 exit status
checked program was:
/* begin */
1: #include "ruby.h"
2: 
3: /*top*/
4: int main() {return 0;}
5: int t() { mysql_query(); return 0; }
/* end */

"gcc -o conftest -I/home/yeongsheng/.rbenv/versions/1.9.3-p362/include/ruby-1.9.1/x86_64-linux -I/home/yeongsheng/.rbenv/versions/1.9.3-p362/include/ruby-1.9.1/ruby/backward -I/home/yeongsheng/.rbenv/versions/1.9.3-p362/include/ruby-1.9.1 -I. -I/usr/local/include -I'/home/yeongsheng/.rbenv/versions/1.9.3-p362/include'   -I'/home/yeongsheng/.rbenv/versions/1.9.3-p362/include'   -O3 -ggdb -Wall -Wextra -Wno-unused-parameter -Wno-parentheses -Wno-long-long -Wno-missing-field-initializers -Wpointer-arith -Wwrite-strings -Wdeclaration-after-statement -Wimplicit-function-declaration conftest.c  -L. -L/home/yeongsheng/.rbenv/versions/1.9.3-p362/lib -Wl,-R/home/yeongsheng/.rbenv/versions/1.9.3-p362/lib -L/usr/local/lib -Wl,-R/usr/local/lib -L/usr/local/lib/mysql -Wl,-R/usr/local/lib/mysql -L. -L'/home/yeongsheng/.rbenv/versions/1.9.3-p362/lib'  -rdynamic -Wl,-export-dynamic    -lz -lm  -Wl,-R -Wl,/home/yeongsheng/.rbenv/versions/1.9.3-p362/lib -L/home/yeongsheng/.rbenv/versions/1.9.3-p362/lib -lruby-static -lmysqlclient -lz -lm  -lpthread -lrt -ldl -lcrypt -lm   -lc"
conftest.c: In function ‘t’:
conftest.c:5:53: error: ‘mysql_query’ undeclared (first use in this function)
conftest.c:5:53: note: each undeclared identifier is reported only once for each function it appears in
conftest.c:5:28: warning: variable ‘p’ set but not used [-Wunused-but-set-variable]
checked program was:
/* begin */
1: #include "ruby.h"
2: 
3: /*top*/
4: int main() {return 0;}
5: int t() { void ((*volatile p)()); p = (void ((*)()))mysql_query; return 0; }
/* end */

"gcc -o conftest -I/home/yeongsheng/.rbenv/versions/1.9.3-p362/include/ruby-1.9.1/x86_64-linux -I/home/yeongsheng/.rbenv/versions/1.9.3-p362/include/ruby-1.9.1/ruby/backward -I/home/yeongsheng/.rbenv/versions/1.9.3-p362/include/ruby-1.9.1 -I. -I/usr/local/include -I'/home/yeongsheng/.rbenv/versions/1.9.3-p362/include'   -I'/home/yeongsheng/.rbenv/versions/1.9.3-p362/include'   -O3 -ggdb -Wall -Wextra -Wno-unused-parameter -Wno-parentheses -Wno-long-long -Wno-missing-field-initializers -Wpointer-arith -Wwrite-strings -Wdeclaration-after-statement -Wimplicit-function-declaration conftest.c  -L. -L/home/yeongsheng/.rbenv/versions/1.9.3-p362/lib -Wl,-R/home/yeongsheng/.rbenv/versions/1.9.3-p362/lib -L/usr/local/lib -Wl,-R/usr/local/lib -L/usr/local/lib/mysql -Wl,-R/usr/local/lib/mysql -L. -L'/home/yeongsheng/.rbenv/versions/1.9.3-p362/lib'  -rdynamic -Wl,-export-dynamic    -lz -lm  -Wl,-R -Wl,/home/yeongsheng/.rbenv/versions/1.9.3-p362/lib -L/home/yeongsheng/.rbenv/versions/1.9.3-p362/lib -lruby-static -lmysqlclient -lz -lm  -lpthread -lrt -ldl -lcrypt -lm   -lc"
conftest.c: In function ‘t’:
conftest.c:5:1: warning: implicit declaration of function ‘mysql_query’ [-Wimplicit-function-declaration]
/usr/bin/ld: cannot find -lmysqlclient
collect2: error: ld returned 1 exit status
checked program was:
/* begin */
1: #include "ruby.h"
2: 
3: /*top*/
4: int main() {return 0;}
5: int t() { mysql_query(); return 0; }
/* end */

--------------------

have_library: checking for main() in -lnsl... -------------------- yes

"gcc -o conftest -I/home/yeongsheng/.rbenv/versions/1.9.3-p362/include/ruby-1.9.1/x86_64-linux -I/home/yeongsheng/.rbenv/versions/1.9.3-p362/include/ruby-1.9.1/ruby/backward -I/home/yeongsheng/.rbenv/versions/1.9.3-p362/include/ruby-1.9.1 -I. -I/usr/local/include -I'/home/yeongsheng/.rbenv/versions/1.9.3-p362/include'   -I'/home/yeongsheng/.rbenv/versions/1.9.3-p362/include'   -O3 -ggdb -Wall -Wextra -Wno-unused-parameter -Wno-parentheses -Wno-long-long -Wno-missing-field-initializers -Wpointer-arith -Wwrite-strings -Wdeclaration-after-statement -Wimplicit-function-declaration conftest.c  -L. -L/home/yeongsheng/.rbenv/versions/1.9.3-p362/lib -Wl,-R/home/yeongsheng/.rbenv/versions/1.9.3-p362/lib -L/usr/local/lib -Wl,-R/usr/local/lib -L. -L'/home/yeongsheng/.rbenv/versions/1.9.3-p362/lib'  -rdynamic -Wl,-export-dynamic    -lz -lm  -Wl,-R -Wl,/home/yeongsheng/.rbenv/versions/1.9.3-p362/lib -L/home/yeongsheng/.rbenv/versions/1.9.3-p362/lib -lruby-static -lnsl -lz -lm  -lpthread -lrt -ldl -lcrypt -lm   -lc"
conftest.c: In function ‘t’:
conftest.c:5:28: warning: variable ‘p’ set but not used [-Wunused-but-set-variable]
checked program was:
/* begin */
1: #include "ruby.h"
2: 
3: /*top*/
4: int main() {return 0;}
5: int t() { void ((*volatile p)()); p = (void ((*)()))main; return 0; }
/* end */

--------------------

find_library: checking for mysql_query() in -lmysqlclient... -------------------- no

"gcc -o conftest -I/home/yeongsheng/.rbenv/versions/1.9.3-p362/include/ruby-1.9.1/x86_64-linux -I/home/yeongsheng/.rbenv/versions/1.9.3-p362/include/ruby-1.9.1/ruby/backward -I/home/yeongsheng/.rbenv/versions/1.9.3-p362/include/ruby-1.9.1 -I. -I/usr/local/include -I'/home/yeongsheng/.rbenv/versions/1.9.3-p362/include'   -I'/home/yeongsheng/.rbenv/versions/1.9.3-p362/include'   -O3 -ggdb -Wall -Wextra -Wno-unused-parameter -Wno-parentheses -Wno-long-long -Wno-missing-field-initializers -Wpointer-arith -Wwrite-strings -Wdeclaration-after-statement -Wimplicit-function-declaration conftest.c  -L. -L/home/yeongsheng/.rbenv/versions/1.9.3-p362/lib -Wl,-R/home/yeongsheng/.rbenv/versions/1.9.3-p362/lib -L/usr/local/lib -Wl,-R/usr/local/lib -L. -L'/home/yeongsheng/.rbenv/versions/1.9.3-p362/lib'  -rdynamic -Wl,-export-dynamic    -lnsl -lz -lm  -Wl,-R -Wl,/home/yeongsheng/.rbenv/versions/1.9.3-p362/lib -L/home/yeongsheng/.rbenv/versions/1.9.3-p362/lib -lruby-static -lmysqlclient -lnsl -lz -lm  -lpthread -lrt -ldl -lcrypt -lm   -lc"
conftest.c: In function ‘t’:
conftest.c:5:53: error: ‘mysql_query’ undeclared (first use in this function)
conftest.c:5:53: note: each undeclared identifier is reported only once for each function it appears in
conftest.c:5:28: warning: variable ‘p’ set but not used [-Wunused-but-set-variable]
checked program was:
/* begin */
1: #include "ruby.h"
2: 
3: /*top*/
4: int main() {return 0;}
5: int t() { void ((*volatile p)()); p = (void ((*)()))mysql_query; return 0; }
/* end */

"gcc -o conftest -I/home/yeongsheng/.rbenv/versions/1.9.3-p362/include/ruby-1.9.1/x86_64-linux -I/home/yeongsheng/.rbenv/versions/1.9.3-p362/include/ruby-1.9.1/ruby/backward -I/home/yeongsheng/.rbenv/versions/1.9.3-p362/include/ruby-1.9.1 -I. -I/usr/local/include -I'/home/yeongsheng/.rbenv/versions/1.9.3-p362/include'   -I'/home/yeongsheng/.rbenv/versions/1.9.3-p362/include'   -O3 -ggdb -Wall -Wextra -Wno-unused-parameter -Wno-parentheses -Wno-long-long -Wno-missing-field-initializers -Wpointer-arith -Wwrite-strings -Wdeclaration-after-statement -Wimplicit-function-declaration conftest.c  -L. -L/home/yeongsheng/.rbenv/versions/1.9.3-p362/lib -Wl,-R/home/yeongsheng/.rbenv/versions/1.9.3-p362/lib -L/usr/local/lib -Wl,-R/usr/local/lib -L. -L'/home/yeongsheng/.rbenv/versions/1.9.3-p362/lib'  -rdynamic -Wl,-export-dynamic    -lnsl -lz -lm  -Wl,-R -Wl,/home/yeongsheng/.rbenv/versions/1.9.3-p362/lib -L/home/yeongsheng/.rbenv/versions/1.9.3-p362/lib -lruby-static -lmysqlclient -lnsl -lz -lm  -lpthread -lrt -ldl -lcrypt -lm   -lc"
conftest.c: In function ‘t’:
conftest.c:5:1: warning: implicit declaration of function ‘mysql_query’ [-Wimplicit-function-declaration]
/usr/bin/ld: cannot find -lmysqlclient
collect2: error: ld returned 1 exit status
checked program was:
/* begin */
1: #include "ruby.h"
2: 
3: /*top*/
4: int main() {return 0;}
5: int t() { mysql_query(); return 0; }
/* end */

"gcc -o conftest -I/home/yeongsheng/.rbenv/versions/1.9.3-p362/include/ruby-1.9.1/x86_64-linux -I/home/yeongsheng/.rbenv/versions/1.9.3-p362/include/ruby-1.9.1/ruby/backward -I/home/yeongsheng/.rbenv/versions/1.9.3-p362/include/ruby-1.9.1 -I. -I/usr/local/include -I'/home/yeongsheng/.rbenv/versions/1.9.3-p362/include'   -I'/home/yeongsheng/.rbenv/versions/1.9.3-p362/include'   -O3 -ggdb -Wall -Wextra -Wno-unused-parameter -Wno-parentheses -Wno-long-long -Wno-missing-field-initializers -Wpointer-arith -Wwrite-strings -Wdeclaration-after-statement -Wimplicit-function-declaration conftest.c  -L. -L/home/yeongsheng/.rbenv/versions/1.9.3-p362/lib -Wl,-R/home/yeongsheng/.rbenv/versions/1.9.3-p362/lib -L/usr/local/lib -Wl,-R/usr/local/lib -L. -L'/home/yeongsheng/.rbenv/versions/1.9.3-p362/lib'  -rdynamic -Wl,-export-dynamic    -lnsl -lz -lm  -Wl,-R -Wl,/home/yeongsheng/.rbenv/versions/1.9.3-p362/lib -L/home/yeongsheng/.rbenv/versions/1.9.3-p362/lib -lruby-static -lmysqlclient -lnsl -lz -lm  -lpthread -lrt -ldl -lcrypt -lm   -lc"
conftest.c: In function ‘t’:
conftest.c:5:53: error: ‘mysql_query’ undeclared (first use in this function)
conftest.c:5:53: note: each undeclared identifier is reported only once for each function it appears in
conftest.c:5:28: warning: variable ‘p’ set but not used [-Wunused-but-set-variable]
checked program was:
/* begin */
1: #include "ruby.h"
2: 
3: /*top*/
4: int main() {return 0;}
5: int t() { void ((*volatile p)()); p = (void ((*)()))mysql_query; return 0; }
/* end */

"gcc -o conftest -I/home/yeongsheng/.rbenv/versions/1.9.3-p362/include/ruby-1.9.1/x86_64-linux -I/home/yeongsheng/.rbenv/versions/1.9.3-p362/include/ruby-1.9.1/ruby/backward -I/home/yeongsheng/.rbenv/versions/1.9.3-p362/include/ruby-1.9.1 -I. -I/usr/local/include -I'/home/yeongsheng/.rbenv/versions/1.9.3-p362/include'   -I'/home/yeongsheng/.rbenv/versions/1.9.3-p362/include'   -O3 -ggdb -Wall -Wextra -Wno-unused-parameter -Wno-parentheses -Wno-long-long -Wno-missing-field-initializers -Wpointer-arith -Wwrite-strings -Wdeclaration-after-statement -Wimplicit-function-declaration conftest.c  -L. -L/home/yeongsheng/.rbenv/versions/1.9.3-p362/lib -Wl,-R/home/yeongsheng/.rbenv/versions/1.9.3-p362/lib -L/usr/local/lib -Wl,-R/usr/local/lib -L. -L'/home/yeongsheng/.rbenv/versions/1.9.3-p362/lib'  -rdynamic -Wl,-export-dynamic    -lnsl -lz -lm  -Wl,-R -Wl,/home/yeongsheng/.rbenv/versions/1.9.3-p362/lib -L/home/yeongsheng/.rbenv/versions/1.9.3-p362/lib -lruby-static -lmysqlclient -lnsl -lz -lm  -lpthread -lrt -ldl -lcrypt -lm   -lc"
conftest.c: In function ‘t’:
conftest.c:5:1: warning: implicit declaration of function ‘mysql_query’ [-Wimplicit-function-declaration]
/usr/bin/ld: cannot find -lmysqlclient
collect2: error: ld returned 1 exit status
checked program was:
/* begin */
1: #include "ruby.h"
2: 
3: /*top*/
4: int main() {return 0;}
5: int t() { mysql_query(); return 0; }
/* end */

"gcc -o conftest -I/home/yeongsheng/.rbenv/versions/1.9.3-p362/include/ruby-1.9.1/x86_64-linux -I/home/yeongsheng/.rbenv/versions/1.9.3-p362/include/ruby-1.9.1/ruby/backward -I/home/yeongsheng/.rbenv/versions/1.9.3-p362/include/ruby-1.9.1 -I. -I/usr/local/include -I'/home/yeongsheng/.rbenv/versions/1.9.3-p362/include'   -I'/home/yeongsheng/.rbenv/versions/1.9.3-p362/include'   -O3 -ggdb -Wall -Wextra -Wno-unused-parameter -Wno-parentheses -Wno-long-long -Wno-missing-field-initializers -Wpointer-arith -Wwrite-strings -Wdeclaration-after-statement -Wimplicit-function-declaration conftest.c  -L. -L/home/yeongsheng/.rbenv/versions/1.9.3-p362/lib -Wl,-R/home/yeongsheng/.rbenv/versions/1.9.3-p362/lib -L/usr/local/lib -Wl,-R/usr/local/lib -L/usr/local/lib/mysql -Wl,-R/usr/local/lib/mysql -L. -L'/home/yeongsheng/.rbenv/versions/1.9.3-p362/lib'  -rdynamic -Wl,-export-dynamic    -lnsl -lz -lm  -Wl,-R -Wl,/home/yeongsheng/.rbenv/versions/1.9.3-p362/lib -L/home/yeongsheng/.rbenv/versions/1.9.3-p362/lib -lruby-static -lmysqlclient -lnsl -lz -lm  -lpthread -lrt -ldl -lcrypt -lm   -lc"
conftest.c: In function ‘t’:
conftest.c:5:53: error: ‘mysql_query’ undeclared (first use in this function)
conftest.c:5:53: note: each undeclared identifier is reported only once for each function it appears in
conftest.c:5:28: warning: variable ‘p’ set but not used [-Wunused-but-set-variable]
checked program was:
/* begin */
1: #include "ruby.h"
2: 
3: /*top*/
4: int main() {return 0;}
5: int t() { void ((*volatile p)()); p = (void ((*)()))mysql_query; return 0; }
/* end */

"gcc -o conftest -I/home/yeongsheng/.rbenv/versions/1.9.3-p362/include/ruby-1.9.1/x86_64-linux -I/home/yeongsheng/.rbenv/versions/1.9.3-p362/include/ruby-1.9.1/ruby/backward -I/home/yeongsheng/.rbenv/versions/1.9.3-p362/include/ruby-1.9.1 -I. -I/usr/local/include -I'/home/yeongsheng/.rbenv/versions/1.9.3-p362/include'   -I'/home/yeongsheng/.rbenv/versions/1.9.3-p362/include'   -O3 -ggdb -Wall -Wextra -Wno-unused-parameter -Wno-parentheses -Wno-long-long -Wno-missing-field-initializers -Wpointer-arith -Wwrite-strings -Wdeclaration-after-statement -Wimplicit-function-declaration conftest.c  -L. -L/home/yeongsheng/.rbenv/versions/1.9.3-p362/lib -Wl,-R/home/yeongsheng/.rbenv/versions/1.9.3-p362/lib -L/usr/local/lib -Wl,-R/usr/local/lib -L/usr/local/lib/mysql -Wl,-R/usr/local/lib/mysql -L. -L'/home/yeongsheng/.rbenv/versions/1.9.3-p362/lib'  -rdynamic -Wl,-export-dynamic    -lnsl -lz -lm  -Wl,-R -Wl,/home/yeongsheng/.rbenv/versions/1.9.3-p362/lib -L/home/yeongsheng/.rbenv/versions/1.9.3-p362/lib -lruby-static -lmysqlclient -lnsl -lz -lm  -lpthread -lrt -ldl -lcrypt -lm   -lc"
conftest.c: In function ‘t’:
conftest.c:5:1: warning: implicit declaration of function ‘mysql_query’ [-Wimplicit-function-declaration]
/usr/bin/ld: cannot find -lmysqlclient
collect2: error: ld returned 1 exit status
checked program was:
/* begin */
1: #include "ruby.h"
2: 
3: /*top*/
4: int main() {return 0;}
5: int t() { mysql_query(); return 0; }
/* end */

--------------------

have_library: checking for main() in -lmygcc... -------------------- no

"gcc -o conftest -I/home/yeongsheng/.rbenv/versions/1.9.3-p362/include/ruby-1.9.1/x86_64-linux -I/home/yeongsheng/.rbenv/versions/1.9.3-p362/include/ruby-1.9.1/ruby/backward -I/home/yeongsheng/.rbenv/versions/1.9.3-p362/include/ruby-1.9.1 -I. -I/usr/local/include -I'/home/yeongsheng/.rbenv/versions/1.9.3-p362/include'   -I'/home/yeongsheng/.rbenv/versions/1.9.3-p362/include'   -O3 -ggdb -Wall -Wextra -Wno-unused-parameter -Wno-parentheses -Wno-long-long -Wno-missing-field-initializers -Wpointer-arith -Wwrite-strings -Wdeclaration-after-statement -Wimplicit-function-declaration conftest.c  -L. -L/home/yeongsheng/.rbenv/versions/1.9.3-p362/lib -Wl,-R/home/yeongsheng/.rbenv/versions/1.9.3-p362/lib -L/usr/local/lib -Wl,-R/usr/local/lib -L. -L'/home/yeongsheng/.rbenv/versions/1.9.3-p362/lib'  -rdynamic -Wl,-export-dynamic    -lnsl -lz -lm  -Wl,-R -Wl,/home/yeongsheng/.rbenv/versions/1.9.3-p362/lib -L/home/yeongsheng/.rbenv/versions/1.9.3-p362/lib -lruby-static -lmygcc -lnsl -lz -lm  -lpthread -lrt -ldl -lcrypt -lm   -lc"
conftest.c: In function ‘t’:
conftest.c:5:28: warning: variable ‘p’ set but not used [-Wunused-but-set-variable]
/usr/bin/ld: cannot find -lmygcc
collect2: error: ld returned 1 exit status
checked program was:
/* begin */
1: #include "ruby.h"
2: 
3: /*top*/
4: int main() {return 0;}
5: int t() { void ((*volatile p)()); p = (void ((*)()))main; return 0; }
/* end */

"gcc -o conftest -I/home/yeongsheng/.rbenv/versions/1.9.3-p362/include/ruby-1.9.1/x86_64-linux -I/home/yeongsheng/.rbenv/versions/1.9.3-p362/include/ruby-1.9.1/ruby/backward -I/home/yeongsheng/.rbenv/versions/1.9.3-p362/include/ruby-1.9.1 -I. -I/usr/local/include -I'/home/yeongsheng/.rbenv/versions/1.9.3-p362/include'   -I'/home/yeongsheng/.rbenv/versions/1.9.3-p362/include'   -O3 -ggdb -Wall -Wextra -Wno-unused-parameter -Wno-parentheses -Wno-long-long -Wno-missing-field-initializers -Wpointer-arith -Wwrite-strings -Wdeclaration-after-statement -Wimplicit-function-declaration conftest.c  -L. -L/home/yeongsheng/.rbenv/versions/1.9.3-p362/lib -Wl,-R/home/yeongsheng/.rbenv/versions/1.9.3-p362/lib -L/usr/local/lib -Wl,-R/usr/local/lib -L. -L'/home/yeongsheng/.rbenv/versions/1.9.3-p362/lib'  -rdynamic -Wl,-export-dynamic    -lnsl -lz -lm  -Wl,-R -Wl,/home/yeongsheng/.rbenv/versions/1.9.3-p362/lib -L/home/yeongsheng/.rbenv/versions/1.9.3-p362/lib -lruby-static -lmygcc -lnsl -lz -lm  -lpthread -lrt -ldl -lcrypt -lm   -lc"
/usr/bin/ld: cannot find -lmygcc
collect2: error: ld returned 1 exit status
checked program was:
/* begin */
1: #include "ruby.h"
2: 
3: /*top*/
4: int main() {return 0;}
5: int t() { main(); return 0; }
/* end */

--------------------

find_library: checking for mysql_query() in -lmysqlclient... -------------------- no

"gcc -o conftest -I/home/yeongsheng/.rbenv/versions/1.9.3-p362/include/ruby-1.9.1/x86_64-linux -I/home/yeongsheng/.rbenv/versions/1.9.3-p362/include/ruby-1.9.1/ruby/backward -I/home/yeongsheng/.rbenv/versions/1.9.3-p362/include/ruby-1.9.1 -I. -I/usr/local/include -I'/home/yeongsheng/.rbenv/versions/1.9.3-p362/include'   -I'/home/yeongsheng/.rbenv/versions/1.9.3-p362/include'   -O3 -ggdb -Wall -Wextra -Wno-unused-parameter -Wno-parentheses -Wno-long-long -Wno-missing-field-initializers -Wpointer-arith -Wwrite-strings -Wdeclaration-after-statement -Wimplicit-function-declaration conftest.c  -L. -L/home/yeongsheng/.rbenv/versions/1.9.3-p362/lib -Wl,-R/home/yeongsheng/.rbenv/versions/1.9.3-p362/lib -L/usr/local/lib -Wl,-R/usr/local/lib -L. -L'/home/yeongsheng/.rbenv/versions/1.9.3-p362/lib'  -rdynamic -Wl,-export-dynamic    -lnsl -lz -lm  -Wl,-R -Wl,/home/yeongsheng/.rbenv/versions/1.9.3-p362/lib -L/home/yeongsheng/.rbenv/versions/1.9.3-p362/lib -lruby-static -lmysqlclient -lnsl -lz -lm  -lpthread -lrt -ldl -lcrypt -lm   -lc"
conftest.c: In function ‘t’:
conftest.c:5:53: error: ‘mysql_query’ undeclared (first use in this function)
conftest.c:5:53: note: each undeclared identifier is reported only once for each function it appears in
conftest.c:5:28: warning: variable ‘p’ set but not used [-Wunused-but-set-variable]
checked program was:
/* begin */
1: #include "ruby.h"
2: 
3: /*top*/
4: int main() {return 0;}
5: int t() { void ((*volatile p)()); p = (void ((*)()))mysql_query; return 0; }
/* end */

"gcc -o conftest -I/home/yeongsheng/.rbenv/versions/1.9.3-p362/include/ruby-1.9.1/x86_64-linux -I/home/yeongsheng/.rbenv/versions/1.9.3-p362/include/ruby-1.9.1/ruby/backward -I/home/yeongsheng/.rbenv/versions/1.9.3-p362/include/ruby-1.9.1 -I. -I/usr/local/include -I'/home/yeongsheng/.rbenv/versions/1.9.3-p362/include'   -I'/home/yeongsheng/.rbenv/versions/1.9.3-p362/include'   -O3 -ggdb -Wall -Wextra -Wno-unused-parameter -Wno-parentheses -Wno-long-long -Wno-missing-field-initializers -Wpointer-arith -Wwrite-strings -Wdeclaration-after-statement -Wimplicit-function-declaration conftest.c  -L. -L/home/yeongsheng/.rbenv/versions/1.9.3-p362/lib -Wl,-R/home/yeongsheng/.rbenv/versions/1.9.3-p362/lib -L/usr/local/lib -Wl,-R/usr/local/lib -L. -L'/home/yeongsheng/.rbenv/versions/1.9.3-p362/lib'  -rdynamic -Wl,-export-dynamic    -lnsl -lz -lm  -Wl,-R -Wl,/home/yeongsheng/.rbenv/versions/1.9.3-p362/lib -L/home/yeongsheng/.rbenv/versions/1.9.3-p362/lib -lruby-static -lmysqlclient -lnsl -lz -lm  -lpthread -lrt -ldl -lcrypt -lm   -lc"
conftest.c: In function ‘t’:
conftest.c:5:1: warning: implicit declaration of function ‘mysql_query’ [-Wimplicit-function-declaration]
/usr/bin/ld: cannot find -lmysqlclient
collect2: error: ld returned 1 exit status
checked program was:
/* begin */
1: #include "ruby.h"
2: 
3: /*top*/
4: int main() {return 0;}
5: int t() { mysql_query(); return 0; }
/* end */

"gcc -o conftest -I/home/yeongsheng/.rbenv/versions/1.9.3-p362/include/ruby-1.9.1/x86_64-linux -I/home/yeongsheng/.rbenv/versions/1.9.3-p362/include/ruby-1.9.1/ruby/backward -I/home/yeongsheng/.rbenv/versions/1.9.3-p362/include/ruby-1.9.1 -I. -I/usr/local/include -I'/home/yeongsheng/.rbenv/versions/1.9.3-p362/include'   -I'/home/yeongsheng/.rbenv/versions/1.9.3-p362/include'   -O3 -ggdb -Wall -Wextra -Wno-unused-parameter -Wno-parentheses -Wno-long-long -Wno-missing-field-initializers -Wpointer-arith -Wwrite-strings -Wdeclaration-after-statement -Wimplicit-function-declaration conftest.c  -L. -L/home/yeongsheng/.rbenv/versions/1.9.3-p362/lib -Wl,-R/home/yeongsheng/.rbenv/versions/1.9.3-p362/lib -L/usr/local/lib -Wl,-R/usr/local/lib -L. -L'/home/yeongsheng/.rbenv/versions/1.9.3-p362/lib'  -rdynamic -Wl,-export-dynamic    -lnsl -lz -lm  -Wl,-R -Wl,/home/yeongsheng/.rbenv/versions/1.9.3-p362/lib -L/home/yeongsheng/.rbenv/versions/1.9.3-p362/lib -lruby-static -lmysqlclient -lnsl -lz -lm  -lpthread -lrt -ldl -lcrypt -lm   -lc"
conftest.c: In function ‘t’:
conftest.c:5:53: error: ‘mysql_query’ undeclared (first use in this function)
conftest.c:5:53: note: each undeclared identifier is reported only once for each function it appears in
conftest.c:5:28: warning: variable ‘p’ set but not used [-Wunused-but-set-variable]
checked program was:
/* begin */
1: #include "ruby.h"
2: 
3: /*top*/
4: int main() {return 0;}
5: int t() { void ((*volatile p)()); p = (void ((*)()))mysql_query; return 0; }
/* end */

"gcc -o conftest -I/home/yeongsheng/.rbenv/versions/1.9.3-p362/include/ruby-1.9.1/x86_64-linux -I/home/yeongsheng/.rbenv/versions/1.9.3-p362/include/ruby-1.9.1/ruby/backward -I/home/yeongsheng/.rbenv/versions/1.9.3-p362/include/ruby-1.9.1 -I. -I/usr/local/include -I'/home/yeongsheng/.rbenv/versions/1.9.3-p362/include'   -I'/home/yeongsheng/.rbenv/versions/1.9.3-p362/include'   -O3 -ggdb -Wall -Wextra -Wno-unused-parameter -Wno-parentheses -Wno-long-long -Wno-missing-field-initializers -Wpointer-arith -Wwrite-strings -Wdeclaration-after-statement -Wimplicit-function-declaration conftest.c  -L. -L/home/yeongsheng/.rbenv/versions/1.9.3-p362/lib -Wl,-R/home/yeongsheng/.rbenv/versions/1.9.3-p362/lib -L/usr/local/lib -Wl,-R/usr/local/lib -L. -L'/home/yeongsheng/.rbenv/versions/1.9.3-p362/lib'  -rdynamic -Wl,-export-dynamic    -lnsl -lz -lm  -Wl,-R -Wl,/home/yeongsheng/.rbenv/versions/1.9.3-p362/lib -L/home/yeongsheng/.rbenv/versions/1.9.3-p362/lib -lruby-static -lmysqlclient -lnsl -lz -lm  -lpthread -lrt -ldl -lcrypt -lm   -lc"
conftest.c: In function ‘t’:
conftest.c:5:1: warning: implicit declaration of function ‘mysql_query’ [-Wimplicit-function-declaration]
/usr/bin/ld: cannot find -lmysqlclient
collect2: error: ld returned 1 exit status
checked program was:
/* begin */
1: #include "ruby.h"
2: 
3: /*top*/
4: int main() {return 0;}
5: int t() { mysql_query(); return 0; }
/* end */

"gcc -o conftest -I/home/yeongsheng/.rbenv/versions/1.9.3-p362/include/ruby-1.9.1/x86_64-linux -I/home/yeongsheng/.rbenv/versions/1.9.3-p362/include/ruby-1.9.1/ruby/backward -I/home/yeongsheng/.rbenv/versions/1.9.3-p362/include/ruby-1.9.1 -I. -I/usr/local/include -I'/home/yeongsheng/.rbenv/versions/1.9.3-p362/include'   -I'/home/yeongsheng/.rbenv/versions/1.9.3-p362/include'   -O3 -ggdb -Wall -Wextra -Wno-unused-parameter -Wno-parentheses -Wno-long-long -Wno-missing-field-initializers -Wpointer-arith -Wwrite-strings -Wdeclaration-after-statement -Wimplicit-function-declaration conftest.c  -L. -L/home/yeongsheng/.rbenv/versions/1.9.3-p362/lib -Wl,-R/home/yeongsheng/.rbenv/versions/1.9.3-p362/lib -L/usr/local/lib -Wl,-R/usr/local/lib -L/usr/local/lib/mysql -Wl,-R/usr/local/lib/mysql -L. -L'/home/yeongsheng/.rbenv/versions/1.9.3-p362/lib'  -rdynamic -Wl,-export-dynamic    -lnsl -lz -lm  -Wl,-R -Wl,/home/yeongsheng/.rbenv/versions/1.9.3-p362/lib -L/home/yeongsheng/.rbenv/versions/1.9.3-p362/lib -lruby-static -lmysqlclient -lnsl -lz -lm  -lpthread -lrt -ldl -lcrypt -lm   -lc"
conftest.c: In function ‘t’:
conftest.c:5:53: error: ‘mysql_query’ undeclared (first use in this function)
conftest.c:5:53: note: each undeclared identifier is reported only once for each function it appears in
conftest.c:5:28: warning: variable ‘p’ set but not used [-Wunused-but-set-variable]
checked program was:
/* begin */
1: #include "ruby.h"
2: 
3: /*top*/
4: int main() {return 0;}
5: int t() { void ((*volatile p)()); p = (void ((*)()))mysql_query; return 0; }
/* end */

"gcc -o conftest -I/home/yeongsheng/.rbenv/versions/1.9.3-p362/include/ruby-1.9.1/x86_64-linux -I/home/yeongsheng/.rbenv/versions/1.9.3-p362/include/ruby-1.9.1/ruby/backward -I/home/yeongsheng/.rbenv/versions/1.9.3-p362/include/ruby-1.9.1 -I. -I/usr/local/include -I'/home/yeongsheng/.rbenv/versions/1.9.3-p362/include'   -I'/home/yeongsheng/.rbenv/versions/1.9.3-p362/include'   -O3 -ggdb -Wall -Wextra -Wno-unused-parameter -Wno-parentheses -Wno-long-long -Wno-missing-field-initializers -Wpointer-arith -Wwrite-strings -Wdeclaration-after-statement -Wimplicit-function-declaration conftest.c  -L. -L/home/yeongsheng/.rbenv/versions/1.9.3-p362/lib -Wl,-R/home/yeongsheng/.rbenv/versions/1.9.3-p362/lib -L/usr/local/lib -Wl,-R/usr/local/lib -L/usr/local/lib/mysql -Wl,-R/usr/local/lib/mysql -L. -L'/home/yeongsheng/.rbenv/versions/1.9.3-p362/lib'  -rdynamic -Wl,-export-dynamic    -lnsl -lz -lm  -Wl,-R -Wl,/home/yeongsheng/.rbenv/versions/1.9.3-p362/lib -L/home/yeongsheng/.rbenv/versions/1.9.3-p362/lib -lruby-static -lmysqlclient -lnsl -lz -lm  -lpthread -lrt -ldl -lcrypt -lm   -lc"
conftest.c: In function ‘t’:
conftest.c:5:1: warning: implicit declaration of function ‘mysql_query’ [-Wimplicit-function-declaration]
/usr/bin/ld: cannot find -lmysqlclient
collect2: error: ld returned 1 exit status
checked program was:
/* begin */
1: #include "ruby.h"
2: 
3: /*top*/
4: int main() {return 0;}
5: int t() { mysql_query(); return 0; }
/* end */

--------------------

